Μαΐ 22, 2023 2:58:28 Π.Μ. gr.aueb.cf.springapp.controller.EmployerController releaseEmployeeFromEmployer
WARNING: Entity Employee with id 4214 does not exist
Μαΐ 22, 2023 2:58:55 Π.Μ. gr.aueb.cf.springapp.controller.EmployerController releaseEmployeeFromEmployer
WARNING: Entity Employee with id 4214 does not exist
Μαΐ 22, 2023 2:59:14 Π.Μ. gr.aueb.cf.springapp.controller.EmployerController releaseEmployeeFromEmployer
WARNING: Entity Employer with id 554 does not exist
Μαΐ 22, 2023 2:59:42 Π.Μ. gr.aueb.cf.springapp.controller.EmployerController releaseEmployeeFromEmployer
WARNING: Entity Employer with id 555 does not exist
Μαΐ 22, 2023 3:00:41 Π.Μ. gr.aueb.cf.springapp.controller.EmployerController releaseEmployeeFromEmployer
WARNING: Entity Employer with id 555 does not exist
Μαΐ 22, 2023 3:05:42 Π.Μ. gr.aueb.cf.springapp.controller.EmployerController releaseEmployeeFromEmployer
WARNING: Entity Employer with id 555 does not exist
Μαΐ 22, 2023 3:44:18 Π.Μ. gr.aueb.cf.springapp.controller.ProjectController createProject
WARNING: empty
Μαΐ 22, 2023 4:14:35 Π.Μ. gr.aueb.cf.springapp.controller.ProjectController createProject
WARNING: empty
Μαΐ 23, 2023 2:11:33 Π.Μ. gr.aueb.cf.springapp.controller.ProjectController createProject
WARNING: empty
Μαΐ 23, 2023 2:21:11 Π.Μ. gr.aueb.cf.springapp.controller.ProjectController createProject
WARNING: empty
Μαΐ 23, 2023 2:26:11 Π.Μ. gr.aueb.cf.springapp.controller.ProjectController createProject
WARNING: empty
Μαΐ 25, 2023 6:24:13 Μ.Μ. gr.aueb.cf.springapp.controller.ProjectController createProject
WARNING: empty
Μαΐ 25, 2023 8:37:02 Μ.Μ. gr.aueb.cf.springapp.controller.ProjectController createProject
WARNING: empty
Μαΐ 25, 2023 10:00:50 Μ.Μ. gr.aueb.cf.springapp.controller.ProjectController createProject
WARNING: empty
Μαΐ 26, 2023 1:50:44 Π.Μ. gr.aueb.cf.springapp.controller.ProjectController createProject
WARNING: empty
Μαΐ 26, 2023 1:51:14 Π.Μ. gr.aueb.cf.springapp.controller.ProjectController createProject
WARNING: empty
Μαΐ 26, 2023 1:51:25 Π.Μ. gr.aueb.cf.springapp.controller.ProjectController createProject
WARNING: empty
Μαΐ 26, 2023 1:51:30 Π.Μ. gr.aueb.cf.springapp.controller.ProjectController createProject
WARNING: empty
Μαΐ 26, 2023 1:51:59 Π.Μ. gr.aueb.cf.springapp.controller.ProjectController createProject
WARNING: empty
Μαΐ 26, 2023 7:13:09 Μ.Μ. gr.aueb.cf.springapp.controller.EmployeeController insertEmployee
WARNING: empty
Μαΐ 26, 2023 7:14:08 Μ.Μ. gr.aueb.cf.springapp.controller.EmployeeController insertEmployee
WARNING: empty
Μαΐ 26, 2023 7:15:28 Μ.Μ. gr.aueb.cf.springapp.controller.EmployeeController insertEmployee
WARNING: empty
Μαΐ 26, 2023 7:16:41 Μ.Μ. gr.aueb.cf.springapp.controller.EmployeeController insertEmployee
WARNING: empty
Μαΐ 26, 2023 7:16:52 Μ.Μ. gr.aueb.cf.springapp.controller.EmployeeController insertEmployee
WARNING: empty
Μαΐ 26, 2023 7:17:51 Μ.Μ. gr.aueb.cf.springapp.controller.EmployeeController insertEmployee
WARNING: empty
Μαΐ 26, 2023 7:18:44 Μ.Μ. gr.aueb.cf.springapp.controller.EmployeeController insertEmployee
WARNING: empty
Μαΐ 26, 2023 7:38:36 Μ.Μ. gr.aueb.cf.springapp.controller.EmployeeController updateEmployee
WARNING: empty
Μαΐ 26, 2023 7:39:57 Μ.Μ. gr.aueb.cf.springapp.controller.EmployeeController updateEmployee
WARNING: empty
Μαΐ 26, 2023 7:41:05 Μ.Μ. gr.aueb.cf.springapp.controller.EmployeeController updateEmployee
WARNING: empty
Μαΐ 26, 2023 7:41:34 Μ.Μ. gr.aueb.cf.springapp.controller.EmployeeController updateEmployee
WARNING: empty
Μαΐ 26, 2023 7:42:01 Μ.Μ. gr.aueb.cf.springapp.controller.EmployeeController updateEmployee
WARNING: Entity Employee with id null does not exist
Μαΐ 28, 2023 1:24:15 Π.Μ. gr.aueb.cf.springapp.controller.ProjectController createProject
WARNING: empty
Μαΐ 28, 2023 2:18:45 Π.Μ. gr.aueb.cf.springapp.controller.ProjectController createProject
WARNING: empty
Μαΐ 28, 2023 2:19:14 Π.Μ. gr.aueb.cf.springapp.controller.ProjectController createProject
WARNING: empty
Μαΐ 28, 2023 2:23:44 Π.Μ. gr.aueb.cf.springapp.controller.ProjectController updateEmployee
WARNING: empty
Μαΐ 28, 2023 2:24:01 Π.Μ. gr.aueb.cf.springapp.controller.ProjectController updateEmployee
WARNING: empty
Μαΐ 28, 2023 2:24:31 Π.Μ. gr.aueb.cf.springapp.controller.ProjectController updateEmployee
WARNING: empty
Μαΐ 28, 2023 2:27:46 Π.Μ. gr.aueb.cf.springapp.controller.ProjectController updateEmployee
WARNING: empty
Μαΐ 28, 2023 2:28:50 Π.Μ. gr.aueb.cf.springapp.controller.ProjectController updateEmployee
WARNING: empty
Μαΐ 29, 2023 3:13:42 Π.Μ. gr.aueb.cf.springapp.controller.EmployeeController updateEmployee
WARNING: empty
Μαΐ 29, 2023 3:13:59 Π.Μ. gr.aueb.cf.springapp.controller.EmployeeController updateEmployee
WARNING: empty
Μαΐ 29, 2023 3:14:06 Π.Μ. gr.aueb.cf.springapp.controller.EmployeeController updateEmployee
WARNING: empty
Μαΐ 29, 2023 3:14:09 Π.Μ. gr.aueb.cf.springapp.controller.EmployeeController updateEmployee
WARNING: empty
Μαΐ 29, 2023 3:14:10 Π.Μ. gr.aueb.cf.springapp.controller.EmployeeController updateEmployee
WARNING: empty
Μαΐ 29, 2023 3:15:40 Π.Μ. gr.aueb.cf.springapp.controller.EmployeeController updateEmployee
WARNING: empty
Μαΐ 29, 2023 3:16:17 Π.Μ. gr.aueb.cf.springapp.controller.EmployeeController updateEmployee
WARNING: empty
Μαΐ 29, 2023 3:16:35 Π.Μ. gr.aueb.cf.springapp.controller.EmployeeController updateEmployee
WARNING: empty
Μαΐ 29, 2023 3:16:43 Π.Μ. gr.aueb.cf.springapp.controller.EmployeeController updateEmployee
WARNING: empty
Μαΐ 29, 2023 3:29:18 Π.Μ. gr.aueb.cf.springapp.controller.EmployerController updateEmployee
WARNING: empty
Μαΐ 29, 2023 3:33:25 Π.Μ. gr.aueb.cf.springapp.controller.ProjectController updateEmployee
WARNING: empty
Μαΐ 29, 2023 3:52:01 Π.Μ. gr.aueb.cf.springapp.controller.ProjectController updateEmployee
WARNING: empty
Μαΐ 29, 2023 3:53:18 Π.Μ. gr.aueb.cf.springapp.controller.ProjectController updateEmployee
WARNING: empty
Μαΐ 29, 2023 3:53:27 Π.Μ. gr.aueb.cf.springapp.controller.ProjectController updateEmployee
WARNING: empty
Μαΐ 29, 2023 3:56:21 Π.Μ. gr.aueb.cf.springapp.controller.ProjectController updateEmployee
WARNING: empty
Μαΐ 31, 2023 7:40:26 Μ.Μ. gr.aueb.cf.springapp.controller.EmployeeController addNewEmployerToEmployee
WARNING: empty
Μαΐ 31, 2023 7:40:36 Μ.Μ. gr.aueb.cf.springapp.controller.EmployeeController addNewEmployerToEmployee
WARNING: empty
Μαΐ 31, 2023 7:44:03 Μ.Μ. gr.aueb.cf.springapp.controller.EmployeeController updateEmployee
WARNING: empty
Μαΐ 31, 2023 7:45:43 Μ.Μ. gr.aueb.cf.springapp.controller.EmployeeController addNewEmployerToEmployee
WARNING: empty
Μαΐ 31, 2023 7:47:46 Μ.Μ. gr.aueb.cf.springapp.controller.EmployeeController addNewEmployerToEmployee
WARNING: empty
Μαΐ 31, 2023 8:46:14 Μ.Μ. gr.aueb.cf.springapp.controller.ProjectController createProject
WARNING: empty
Μαΐ 31, 2023 8:47:27 Μ.Μ. gr.aueb.cf.springapp.controller.ProjectController createProject
WARNING: empty
Μαΐ 31, 2023 8:47:36 Μ.Μ. gr.aueb.cf.springapp.controller.ProjectController createProject
WARNING: empty
Μαΐ 31, 2023 8:47:40 Μ.Μ. gr.aueb.cf.springapp.controller.ProjectController createProject
WARNING: empty
Μαΐ 31, 2023 8:53:29 Μ.Μ. gr.aueb.cf.springapp.controller.ProjectController createProject
WARNING: empty
Μαΐ 31, 2023 8:54:19 Μ.Μ. gr.aueb.cf.springapp.controller.ProjectController createProject
WARNING: empty
Μαΐ 31, 2023 8:55:02 Μ.Μ. gr.aueb.cf.springapp.controller.ProjectController createProject
WARNING: empty
Μαΐ 31, 2023 8:55:26 Μ.Μ. gr.aueb.cf.springapp.controller.ProjectController createProject
WARNING: empty
Μαΐ 31, 2023 8:55:29 Μ.Μ. gr.aueb.cf.springapp.controller.ProjectController createProject
WARNING: empty
Μαΐ 31, 2023 8:56:15 Μ.Μ. gr.aueb.cf.springapp.controller.ProjectController createProject
WARNING: empty
Μαΐ 31, 2023 8:56:19 Μ.Μ. gr.aueb.cf.springapp.controller.ProjectController createProject
WARNING: empty
Μαΐ 31, 2023 8:56:28 Μ.Μ. gr.aueb.cf.springapp.controller.ProjectController createProject
WARNING: empty
Μαΐ 31, 2023 8:56:41 Μ.Μ. gr.aueb.cf.springapp.controller.ProjectController createProject
WARNING: empty
Μαΐ 31, 2023 11:06:22 Μ.Μ. gr.aueb.cf.springapp.controller.EmployeeController addNewEmployerToEmployee
WARNING: empty
Μαΐ 31, 2023 11:13:01 Μ.Μ. gr.aueb.cf.springapp.controller.ProjectController createProject
WARNING: empty
Μαΐ 31, 2023 11:17:07 Μ.Μ. gr.aueb.cf.springapp.controller.ProjectController createProject
WARNING: empty
Μαΐ 31, 2023 11:31:06 Μ.Μ. gr.aueb.cf.springapp.controller.EmployeeController updateEmployee
WARNING: empty
Μαΐ 31, 2023 11:34:34 Μ.Μ. gr.aueb.cf.springapp.controller.ProjectController createProject
WARNING: empty
Ιουν 01, 2023 12:27:44 Π.Μ. gr.aueb.cf.springapp.controller.ProjectController createProject
WARNING: empty
Ιουν 01, 2023 12:56:27 Π.Μ. gr.aueb.cf.springapp.controller.EmployeeController insertEmployee
WARNING: empty
Ιουν 01, 2023 11:15:50 Μ.Μ. gr.aueb.cf.springapp.controller.EmployerController updateEmployee
WARNING: empty
Ιουν 02, 2023 12:17:50 Π.Μ. gr.aueb.cf.springapp.controller.EmployeeController updateEmployee
WARNING: empty
Ιουν 02, 2023 12:19:10 Π.Μ. gr.aueb.cf.springapp.controller.EmployeeController updateEmployee
WARNING: empty
Ιουν 02, 2023 12:20:42 Π.Μ. gr.aueb.cf.springapp.controller.EmployeeController updateEmployee
WARNING: empty
Ιουν 02, 2023 12:20:50 Π.Μ. gr.aueb.cf.springapp.controller.EmployeeController updateEmployee
WARNING: empty
Ιουν 02, 2023 12:36:44 Π.Μ. gr.aueb.cf.springapp.controller.EmployerController insertEmployer
WARNING: empty
Ιουν 10, 2023 11:28:46 Μ.Μ. gr.aueb.cf.springapp.controller.EmployeeController insertEmployee
WARNING: empty
Ιουν 19, 2023 9:23:12 Μ.Μ. gr.aueb.cf.springapp.controller.ProjectController createProject
WARNING: empty
Ιουν 19, 2023 9:23:19 Μ.Μ. gr.aueb.cf.springapp.controller.ProjectController createProject
WARNING: empty
Ιουν 20, 2023 9:06:06 Μ.Μ. gr.aueb.cf.springapp.controller.ProjectController createProject
WARNING: empty
Ιουν 20, 2023 9:17:23 Μ.Μ. gr.aueb.cf.springapp.controller.ProjectController createProject
WARNING: empty
Ιουν 22, 2023 8:25:29 Μ.Μ. gr.aueb.cf.springapp.controller.ProjectController updateEmployee
WARNING: empty
Ιουν 22, 2023 8:33:24 Μ.Μ. gr.aueb.cf.springapp.controller.EmployerController insertEmployer
WARNING: empty
Ιουν 23, 2023 3:15:51 Π.Μ. gr.aueb.cf.springapp.controller.EmployerController insertEmployer
WARNING: empty
Ιουν 29, 2023 11:29:59 Μ.Μ. gr.aueb.cf.springapp.controller.EmployeeController insertEmployee
WARNING: empty
Ιουν 29, 2023 11:31:44 Μ.Μ. gr.aueb.cf.springapp.controller.EmployeeController addNewEmployerToEmployee
WARNING: empty
Ιουν 29, 2023 11:36:18 Μ.Μ. gr.aueb.cf.springapp.controller.ProjectController createProject
WARNING: empty
Ιουν 30, 2023 12:16:17 Π.Μ. gr.aueb.cf.springapp.controller.ProjectController createProject
WARNING: empty
